0 info it worked if it ends with ok
1 verbose cli [ '/Users/jameschalmers/.nvm/versions/node/v6.3.0/bin/node',
1 verbose cli   '/Users/jameschalmers/.nvm/versions/node/v6.3.0/bin/npm',
1 verbose cli   'run',
1 verbose cli   'watch:compile-scss' ]
2 info using npm@3.10.3
3 info using node@v6.3.0
4 verbose run-script [ 'prewatch:compile-scss',
4 verbose run-script   'watch:compile-scss',
4 verbose run-script   'postwatch:compile-scss' ]
5 info lifecycle jquery-form-demo@1.0.0~prewatch:compile-scss: jquery-form-demo@1.0.0
6 silly lifecycle jquery-form-demo@1.0.0~prewatch:compile-scss: no script for prewatch:compile-scss, continuing
7 info lifecycle jquery-form-demo@1.0.0~watch:compile-scss: jquery-form-demo@1.0.0
8 verbose lifecycle jquery-form-demo@1.0.0~watch:compile-scss: unsafe-perm in lifecycle true
9 verbose lifecycle jquery-form-demo@1.0.0~watch:compile-scss: PATH: /Users/jameschalmers/.nvm/versions/node/v6.3.0/lib/node_modules/npm/bin/node-gyp-bin:/Users/jameschalmers/Dev/Web/jQuery-Form-Demo/node_modules/.bin:/Users/jameschalmers/.nvm/versions/node/v6.3.0/bin:/Users/jameschalmers/.nvm/versions/node/v6.3.0/bin:/usr/local/bin:/usr/bin:/bin:/usr/sbin:/sbin:/usr/local/git/bin
10 verbose lifecycle jquery-form-demo@1.0.0~watch:compile-scss: CWD: /Users/jameschalmers/Dev/Web/jQuery-Form-Demo
11 silly lifecycle jquery-form-demo@1.0.0~watch:compile-scss: Args: [ '-c', 'node-sass ./scss -o ./css -w' ]
12 silly lifecycle jquery-form-demo@1.0.0~watch:compile-scss: Returned: code: 1  signal: null
13 info lifecycle jquery-form-demo@1.0.0~watch:compile-scss: Failed to exec watch:compile-scss script
14 verbose stack Error: jquery-form-demo@1.0.0 watch:compile-scss: `node-sass ./scss -o ./css -w`
14 verbose stack Exit status 1
14 verbose stack     at EventEmitter.<anonymous> (/Users/jameschalmers/.nvm/versions/node/v6.3.0/lib/node_modules/npm/lib/utils/lifecycle.js:242:16)
14 verbose stack     at emitTwo (events.js:106:13)
14 verbose stack     at EventEmitter.emit (events.js:191:7)
14 verbose stack     at ChildProcess.<anonymous> (/Users/jameschalmers/.nvm/versions/node/v6.3.0/lib/node_modules/npm/lib/utils/spawn.js:40:14)
14 verbose stack     at emitTwo (events.js:106:13)
14 verbose stack     at ChildProcess.emit (events.js:191:7)
14 verbose stack     at maybeClose (internal/child_process.js:852:16)
14 verbose stack     at Process.ChildProcess._handle.onexit (internal/child_process.js:215:5)
15 verbose pkgid jquery-form-demo@1.0.0
16 verbose cwd /Users/jameschalmers/Dev/Web/jQuery-Form-Demo/public
17 error Darwin 15.5.0
18 error argv "/Users/jameschalmers/.nvm/versions/node/v6.3.0/bin/node" "/Users/jameschalmers/.nvm/versions/node/v6.3.0/bin/npm" "run" "watch:compile-scss"
19 error node v6.3.0
20 error npm  v3.10.3
21 error code ELIFECYCLE
22 error jquery-form-demo@1.0.0 watch:compile-scss: `node-sass ./scss -o ./css -w`
22 error Exit status 1
23 error Failed at the jquery-form-demo@1.0.0 watch:compile-scss script 'node-sass ./scss -o ./css -w'.
23 error Make sure you have the latest version of node.js and npm installed.
23 error If you do, this is most likely a problem with the jquery-form-demo package,
23 error not with npm itself.
23 error Tell the author that this fails on your system:
23 error     node-sass ./scss -o ./css -w
23 error You can get information on how to open an issue for this project with:
23 error     npm bugs jquery-form-demo
23 error Or if that isn't available, you can get their info via:
23 error     npm owner ls jquery-form-demo
23 error There is likely additional logging output above.
24 verbose exit [ 1, true ]
